SF:lib/core/error/exception.dart
DA:4,2
LF:1
LH:1
end_of_record
SF:lib/core/error/failure.dart
DA:5,3
DA:7,0
DA:8,0
DA:12,3
DA:16,2
DA:20,1
LF:6
LH:4
end_of_record
SF:lib/data/models/weather_model.dart
DA:4,4
DA:13,4
DA:14,2
DA:15,6
DA:16,6
DA:17,6
DA:18,4
DA:19,4
DA:20,4
DA:23,2
DA:24,1
DA:25,1
DA:26,1
DA:27,1
DA:28,1
DA:31,1
DA:32,1
DA:33,1
DA:34,1
DA:36,1
DA:39,2
DA:40,1
DA:41,1
DA:42,1
DA:43,1
DA:44,1
DA:45,1
DA:46,1
LF:28
LH:28
end_of_record
SF:lib/data/repositories/weather_repository_impl.dart
DA:13,1
DA:15,1
DA:19,2
DA:20,2
DA:22,2
DA:23,1
DA:24,4
DA:26,1
LF:8
LH:8
end_of_record
SF:lib/domain/entities/weather.dart
DA:12,8
DA:22,3
DA:23,3
DA:24,3
DA:25,3
DA:26,3
DA:27,3
DA:28,3
DA:29,3
DA:30,3
LF:10
LH:10
end_of_record
SF:lib/data/data_sources/remote_data_source.dart
DA:15,1
DA:17,1
DA:20,4
DA:22,2
DA:23,3
DA:25,1
DA:26,1
DA:27,1
LF:8
LH:8
end_of_record
SF:lib/domain/usecases/get_current_weather.dart
DA:8,1
DA:9,1
DA:10,2
LF:3
LH:3
end_of_record
SF:lib/core/constants/constants.dart
DA:5,1
DA:6,1
DA:7,1
DA:8,1
LF:4
LH:4
end_of_record
SF:lib/presentation/bloc/weather_bloc.dart
DA:9,3
DA:10,2
DA:11,1
DA:16,1
DA:18,2
DA:19,2
DA:20,2
DA:22,3
DA:23,1
DA:24,2
DA:25,2
DA:27,2
DA:28,1
DA:35,1
DA:36,3
LF:15
LH:15
end_of_record
SF:lib/presentation/bloc/weather_event.dart
DA:4,2
DA:10,2
DA:12,0
DA:13,0
LF:4
LH:2
end_of_record
SF:lib/presentation/bloc/weather_state.dart
DA:5,4
DA:7,1
DA:8,1
DA:18,3
DA:20,1
DA:21,2
DA:27,3
DA:29,1
DA:30,2
LF:9
LH:9
end_of_record
SF:lib/presentation/pages/weather_page.dart
DA:9,1
DA:11,1
DA:13,1
DA:14,1
DA:22,1
DA:24,2
DA:25,1
DA:27,1
DA:31,1
DA:33,1
DA:35,1
DA:37,1
DA:39,1
DA:40,3
DA:46,1
DA:47,1
DA:48,1
DA:53,1
DA:54,1
DA:56,1
DA:57,1
DA:59,1
DA:60,1
DA:61,2
DA:66,1
DA:67,1
DA:68,1
DA:69,2
DA:78,1
DA:79,5
DA:86,1
DA:88,1
DA:92,1
DA:93,1
DA:94,1
DA:105,1
DA:107,1
DA:108,3
DA:117,1
DA:118,1
DA:129,1
DA:131,1
DA:132,3
DA:142,1
DA:143,1
DA:154,1
DA:156,1
DA:157,3
DA:172,1
DA:173,1
DA:174,2
LF:51
LH:51
end_of_record
